0 info it worked if it ends with ok
1 verbose cli [ 'C:\\Program Files\\nodejs\\node.exe',
1 verbose cli   'C:\\Users\\GregLaptop\\AppData\\Roaming\\npm\\node_modules\\npm\\bin\\npm-cli.js',
1 verbose cli   'run',
1 verbose cli   'lint-server' ]
2 info using npm@4.0.5
3 info using node@v7.6.0
4 verbose run-script [ 'prelint-server', 'lint-server', 'postlint-server' ]
5 info lifecycle uploady-bot@1.0.0~prelint-server: uploady-bot@1.0.0
6 silly lifecycle uploady-bot@1.0.0~prelint-server: no script for prelint-server, continuing
7 info lifecycle uploady-bot@1.0.0~lint-server: uploady-bot@1.0.0
8 verbose lifecycle uploady-bot@1.0.0~lint-server: unsafe-perm in lifecycle true
9 verbose lifecycle uploady-bot@1.0.0~lint-server: PATH: C:\Users\GregLaptop\AppData\Roaming\npm\node_modules\npm\bin\node-gyp-bin;C:\Dropbox\UwAmp\www\upload-bro-bot\node_modules\.bin;C:\Users\GregLaptop\bin;C:\Program Files\Git\mingw64\bin;C:\Program Files\Git\usr\local\bin;C:\Program Files\Git\usr\bin;C:\Program Files\Git\usr\bin;C:\Program Files\Git\mingw64\bin;C:\Program Files\Git\usr\bin;C:\Users\GregLaptop\bin;C:\Program Files (x86)\cmder\vendor\conemu-maximus5\ConEmu\Scripts;C:\Program Files (x86)\cmder\vendor\conemu-maximus5;C:\Program Files (x86)\cmder\vendor\conemu-maximus5\ConEmu;C:\ProgramData\Oracle\Java\javapath;C:\Windows\system32;C:\Windows;C:\Windows\System32\Wbem;C:\Windows\System32\WindowsPowerShell\v1.0;C:\Dropbox\UwAmp\bin\php\php-7.0.6-Win32-VC14-x86;C:\ProgramData\ComposerSetup\bin;C:\Program Files (x86)\Windows Kits\8.1\Windows Performance Toolkit;C:\ProgramData\chocolatey\bin;C:\tools\python2;C:\Users\GregLaptop\AppData\Local\Android\sdk;C:\Program Files\Java\jdk1.8.0_111;C:\Users\GregLaptop\AppData\Local\Android\sdk\platform-tools;C:\Users\GregLaptop\AppData\Local\Android\sdk\build-tools;C:\Program Files (x86)\mitmproxy\bin;C:\Users\GregLaptop\.dnx\bin;C:\Program Files\Microsoft DNX\Dnvm;C:\Program Files\Microsoft SQL Server\130\Tools\Binn;C:\Program Files\Git\cmd;C:\Dropbox\UwAmp\bin;C:\Program Files (x86)\Yarn\bin;C:\Program Files\nodejs;C:\Users\GregLaptop\.gem\ruby\2.3.0\bin;C:\Program Files (x86)\RubyDevkit;C:\Program Files (x86)\Vragrant\bin;C:\tools\Ruby23-x64\bin;C:\Users\GregLaptop\AppData\Local\Microsoft\WindowsApps;C:\Users\GregLaptop\AppData\Roaming\Composer\vendor\bin;C:\Users\GregLaptop\AppData\Local\Yarn\.bin;C:\Users\GregLaptop\AppData\Roaming\npm;C:\Program Files (x86)\Nmap;C:\Program Files\Git\usr\bin\vendor_perl;C:\Program Files\Git\usr\bin\core_perl
10 verbose lifecycle uploady-bot@1.0.0~lint-server: CWD: C:\Dropbox\UwAmp\www\upload-bro-bot
11 silly lifecycle uploady-bot@1.0.0~lint-server: Args: [ '/d /s /c', 'eslint --config .eslintrc.json src/' ]
12 silly lifecycle uploady-bot@1.0.0~lint-server: Returned: code: 1  signal: null
13 info lifecycle uploady-bot@1.0.0~lint-server: Failed to exec lint-server script
14 verbose stack Error: uploady-bot@1.0.0 lint-server: `eslint --config .eslintrc.json src/`
14 verbose stack Exit status 1
14 verbose stack     at EventEmitter.<anonymous> (C:\Users\GregLaptop\AppData\Roaming\npm\node_modules\npm\lib\utils\lifecycle.js:279:16)
14 verbose stack     at emitTwo (events.js:106:13)
14 verbose stack     at EventEmitter.emit (events.js:192:7)
14 verbose stack     at ChildProcess.<anonymous> (C:\Users\GregLaptop\AppData\Roaming\npm\node_modules\npm\lib\utils\spawn.js:40:14)
14 verbose stack     at emitTwo (events.js:106:13)
14 verbose stack     at ChildProcess.emit (events.js:192:7)
14 verbose stack     at maybeClose (internal/child_process.js:890:16)
14 verbose stack     at Process.ChildProcess._handle.onexit (internal/child_process.js:226:5)
15 verbose pkgid uploady-bot@1.0.0
16 verbose cwd C:\Dropbox\UwAmp\www\upload-bro-bot
17 error Windows_NT 10.0.14393
18 error argv "C:\\Program Files\\nodejs\\node.exe" "C:\\Users\\GregLaptop\\AppData\\Roaming\\npm\\node_modules\\npm\\bin\\npm-cli.js" "run" "lint-server"
19 error node v7.6.0
20 error npm  v4.0.5
21 error code ELIFECYCLE
22 error uploady-bot@1.0.0 lint-server: `eslint --config .eslintrc.json src/`
22 error Exit status 1
23 error Failed at the uploady-bot@1.0.0 lint-server script 'eslint --config .eslintrc.json src/'.
23 error Make sure you have the latest version of node.js and npm installed.
23 error If you do, this is most likely a problem with the uploady-bot package,
23 error not with npm itself.
23 error Tell the author that this fails on your system:
23 error     eslint --config .eslintrc.json src/
23 error You can get information on how to open an issue for this project with:
23 error     npm bugs uploady-bot
23 error Or if that isn't available, you can get their info via:
23 error     npm owner ls uploady-bot
23 error There is likely additional logging output above.
24 verbose exit [ 1, true ]
